<?xml version="1.0" encoding="UTF-8"?>
<testng-results ignored="0" total="1" passed="1" failed="0" skipped="0">
  <reporter-output>
  </reporter-output>
  <suite started-at="2020-04-04T07:36:14Z" name="Default suite" finished-at="2020-04-04T07:36:44Z" duration-ms="30068">
    <groups>
    </groups>
    <test started-at="2020-04-04T07:36:14Z" name="Default test" finished-at="2020-04-04T07:36:44Z" duration-ms="30068">
      <class name="com.kayak.tests.LandingTests">
        <test-method is-config="true" signature="setUpTest(java.lang.String)[pri:0, instance:com.kayak.tests.LandingTests@1a2e2935]" started-at="2020-04-04T07:36:14Z" name="setUpTest" finished-at="2020-04-04T07:36:14Z" duration-ms="211" status="PASS">
          <params>
            <param index="0">
              <value is-null="true"/>
            </param>
          </params>
          <reporter-output>
          </reporter-output>
        </test-method> <!-- setUpTest -->
        <test-method is-config="true" signature="setup(java.lang.String)[pri:0, instance:com.kayak.tests.LandingTests@1a2e2935]" started-at="2020-04-04T07:36:14Z" name="setup" finished-at="2020-04-04T07:36:20Z" duration-ms="6344" status="PASS">
          <params>
            <param index="0">
              <value is-null="true"/>
            </param>
          </params>
          <reporter-output>
          </reporter-output>
        </test-method> <!-- setup -->
        <test-method signature="bookedFlight()[pri:1, instance:com.kayak.tests.LandingTests@1a2e2935]" started-at="2020-04-04T07:36:20Z" name="bookedFlight" finished-at="2020-04-04T07:36:44Z" duration-ms="23496" status="PASS">
          <reporter-output>
          </reporter-output>
        </test-method> <!-- bookedFlight -->
      </class> <!-- com.kayak.tests.LandingTests -->
    </test> <!-- Default test -->
  </suite> <!-- Default suite -->
</testng-results>
